# JRE version: OpenJDK Runtime Environment JBR-21.0.6+9-895.97-nomod (21.0.6+9) (build 21.0.6+9-b895.97)
# Java VM: OpenJDK 64-Bit Server VM JBR-21.0.6+9-895.97-nomod (21.0.6+9-b895.97, mixed mode, sharing, tiered, compressed oops, compressed class ptrs, g1 gc, windows-amd64)
GC Precious Log:
 CardTable entry size: 512
 Card Set container configuration: InlinePtr #cards 4 size 8 Array Of Cards #cards 16 size 48 Howl #buckets 8 coarsen threshold 3686 Howl Bitmap #cards 512 size 80 coarsen threshold 460 Card regions per heap region 1 cards per card region 4096
 CPUs: 16 total, 16 available
 Memory: 16123M
 Large Page Support: Disabled
 NUMA Support: Disabled
 Compressed Oops: Enabled (Zero based)
 Heap Region Size: 2M
 Heap Min Capacity: 8M
 Heap Initial Capacity: 252M
 Heap Max Capacity: 4032M
 Pre-touch: Disabled
 Parallel Workers: 13
 Concurrent Workers: 3
 Concurrent Refinement Workers: 13
 Periodic GC: Disabled
Heap:
 garbage-first heap   total 331776K, used 124777K [0x0000000704000000, 0x0000000800000000)
  region size 2048K, 10 young (20480K), 1 survivors (2048K)
 Metaspace       used 120043K, committed 121280K, reserved 1179648K
  class space    used 15110K, committed 15680K, reserved 1048576K
GC Heap History (20 events):
Event: 623.843 GC heap before
{Heap before GC invocations=130 (full 2):
 garbage-first heap   total 329728K, used 312201K [0x0000000704000000, 0x0000000800000000)
  region size 2048K, 95 young (194560K), 7 survivors (14336K)
 Metaspace       used 118314K, committed 119680K, reserved 1179648K
  class space    used 15044K, committed 15680K, reserved 1048576K
}
Event: 623.846 GC heap after
{Heap after GC invocations=131 (full 2):
 garbage-first heap   total 331776K, used 118377K [0x0000000704000000, 0x0000000800000000)
  region size 2048K, 6 young (12288K), 6 survivors (12288K)
 Metaspace       used 118314K, committed 119680K, reserved 1179648K
  class space    used 15044K, committed 15680K, reserved 1048576K
}
Event: 624.336 GC heap before
{Heap before GC invocations=131 (full 2):
 garbage-first heap   total 331776K, used 294505K [0x0000000704000000, 0x0000000800000000)
  region size 2048K, 92 young (188416K), 6 survivors (12288K)
 Metaspace       used 118315K, committed 119680K, reserved 1179648K
  class space    used 15044K, committed 15680K, reserved 1048576K
}
Event: 624.340 GC heap after
{Heap after GC invocations=132 (full 2):
 garbage-first heap   total 331776K, used 118061K [0x0000000704000000, 0x0000000800000000)
  region size 2048K, 6 young (12288K), 6 survivors (12288K)
 Metaspace       used 118315K, committed 119680K, reserved 1179648K
  class space    used 15044K, committed 15680K, reserved 1048576K
}
Event: 624.928 GC heap before
{Heap before GC invocations=132 (full 2):
 garbage-first heap   total 331776K, used 296237K [0x0000000704000000, 0x0000000800000000)
  region size 2048K, 93 young (190464K), 6 survivors (12288K)
 Metaspace       used 118389K, committed 119744K, reserved 1179648K
  class space    used 15044K, committed 15680K, reserved 1048576K
}
Event: 624.933 GC heap after
{Heap after GC invocations=133 (full 2):
 garbage-first heap   total 331776K, used 123069K [0x0000000704000000, 0x0000000800000000)
  region size 2048K, 8 young (16384K), 8 survivors (16384K)
 Metaspace       used 118389K, committed 119744K, reserved 1179648K
  class space    used 15044K, committed 15680K, reserved 1048576K
}
Event: 625.498 GC heap before
{Heap before GC invocations=134 (full 2):
 garbage-first heap   total 331776K, used 291005K [0x0000000704000000, 0x0000000800000000)
  region size 2048K, 91 young (186368K), 8 survivors (16384K)
 Metaspace       used 118437K, committed 119744K, reserved 1179648K
  class space    used 15044K, committed 15680K, reserved 1048576K
}
Event: 625.506 GC heap after
{Heap after GC invocations=135 (full 2):
 garbage-first heap   total 331776K, used 139591K [0x0000000704000000, 0x0000000800000000)
  region size 2048K, 12 young (24576K), 12 survivors (24576K)
 Metaspace       used 118437K, committed 119744K, reserved 1179648K
  class space    used 15044K, committed 15680K, reserved 1048576K
}
Event: 626.017 GC heap before
{Heap before GC invocations=135 (full 2):
 garbage-first heap   total 331776K, used 284999K [0x0000000704000000, 0x0000000800000000)
  region size 2048K, 83 young (169984K), 12 survivors (24576K)
 Metaspace       used 118437K, committed 119744K, reserved 1179648K
  class space    used 15044K, committed 15680K, reserved 1048576K
}
Event: 626.024 GC heap after
{Heap after GC invocations=136 (full 2):
 garbage-first heap   total 331776K, used 138928K [0x0000000704000000, 0x0000000800000000)
  region size 2048K, 10 young (20480K), 10 survivors (20480K)
 Metaspace       used 118437K, committed 119744K, reserved 1179648K
  class space    used 15044K, committed 15680K, reserved 1048576K
}
Event: 626.538 GC heap before
{Heap before GC invocations=136 (full 2):
 garbage-first heap   total 331776K, used 288432K [0x0000000704000000, 0x0000000800000000)
  region size 2048K, 83 young (169984K), 10 survivors (20480K)
 Metaspace       used 118439K, committed 119744K, reserved 1179648K
  class space    used 15044K, committed 15680K, reserved 1048576K
}
Event: 626.540 GC heap after
{Heap after GC invocations=137 (full 2):
 garbage-first heap   total 331776K, used 124017K [0x0000000704000000, 0x0000000800000000)
  region size 2048K, 3 young (6144K), 3 survivors (6144K)
 Metaspace       used 118439K, committed 119744K, reserved 1179648K
  class space    used 15044K, committed 15680K, reserved 1048576K
}
Event: 627.205 GC heap before
{Heap before GC invocations=138 (full 2):
 garbage-first heap   total 331776K, used 294001K [0x0000000704000000, 0x0000000800000000)
  region size 2048K, 86 young (176128K), 3 survivors (6144K)
 Metaspace       used 118480K, committed 119808K, reserved 1179648K
  class space    used 15044K, committed 15680K, reserved 1048576K
}
Event: 627.206 GC heap after
{Heap after GC invocations=139 (full 2):
 garbage-first heap   total 331776K, used 110428K [0x0000000704000000, 0x0000000800000000)
  region size 2048K, 1 young (2048K), 1 survivors (2048K)
 Metaspace       used 118480K, committed 119808K, reserved 1179648K
  class space    used 15044K, committed 15680K, reserved 1048576K
}
Event: 807.476 GC heap before
{Heap before GC invocations=139 (full 2):
 garbage-first heap   total 331776K, used 298844K [0x0000000704000000, 0x0000000800000000)
  region size 2048K, 94 young (192512K), 1 survivors (2048K)
 Metaspace       used 118720K, committed 120064K, reserved 1179648K
  class space    used 15045K, committed 15680K, reserved 1048576K
}
Event: 807.478 GC heap after
{Heap after GC invocations=140 (full 2):
 garbage-first heap   total 331776K, used 108285K [0x0000000704000000, 0x0000000800000000)
  region size 2048K, 1 young (2048K), 1 survivors (2048K)
 Metaspace       used 118720K, committed 120064K, reserved 1179648K
  class space    used 15045K, committed 15680K, reserved 1048576K
}
Event: 814.976 GC heap before
{Heap before GC invocations=140 (full 2):
 garbage-first heap   total 331776K, used 302845K [0x0000000704000000, 0x0000000800000000)
  region size 2048K, 97 young (198656K), 1 survivors (2048K)
 Metaspace       used 119457K, committed 120768K, reserved 1179648K
  class space    used 15049K, committed 15680K, reserved 1048576K
}
Event: 814.977 GC heap after
{Heap after GC invocations=141 (full 2):
 garbage-first heap   total 331776K, used 108526K [0x0000000704000000, 0x0000000800000000)
  region size 2048K, 1 young (2048K), 1 survivors (2048K)
 Metaspace       used 119457K, committed 120768K, reserved 1179648K
  class space    used 15049K, committed 15680K, reserved 1048576K
}
Event: 1055.468 GC heap before
{Heap before GC invocations=142 (full 2):
 garbage-first heap   total 331776K, used 305134K [0x0000000704000000, 0x0000000800000000)
  region size 2048K, 97 young (198656K), 1 survivors (2048K)
 Metaspace       used 119905K, committed 121216K, reserved 1179648K
  class space    used 15101K, committed 15680K, reserved 1048576K
}
Event: 1055.470 GC heap after
{Heap after GC invocations=143 (full 2):
 garbage-first heap   total 331776K, used 108393K [0x0000000704000000, 0x0000000800000000)
  region size 2048K, 1 young (2048K), 1 survivors (2048K)
 Metaspace       used 119905K, committed 121216K, reserved 1179648K
  class space    used 15101K, committed 15680K, reserved 1048576K
}

